  Bank Project Using OOP.cpp
F:\تاسيس ابو هدهود\كورس رقم 11 البرمجه الكائنية تطبيق عملي\Bank Project Using OOP\Bank Project Using OOP\Bank Project Using OOP.cpp(2,10): warning C4067: unexpected tokens following preprocessor directive - expected a newline
F:\تاسيس ابو هدهود\كورس رقم 11 البرمجه الكائنية تطبيق عملي\Bank Project Using OOP\Bank Project Using OOP\clsBankClint.h(4,10): warning C4067: unexpected tokens following preprocessor directive - expected a newline
  (compiling source file 'Bank%20Project%20Using%20OOP.cpp')
  
F:\تاسيس ابو هدهود\كورس رقم 11 البرمجه الكائنية تطبيق عملي\Bank Project Using OOP\Bank Project Using OOP\clsBankClint.h(5,10): warning C4067: unexpected tokens following preprocessor directive - expected a newline
  (compiling source file 'Bank%20Project%20Using%20OOP.cpp')
  
F:\تاسيس ابو هدهود\كورس رقم 11 البرمجه الكائنية تطبيق عملي\Bank Project Using OOP\Bank Project Using OOP\clsString.h(38,25): warning C4267: 'return': conversion from 'size_t' to 'short', possible loss of data
  (compiling source file 'Bank%20Project%20Using%20OOP.cpp')
  
F:\تاسيس ابو هدهود\كورس رقم 11 البرمجه الكائنية تطبيق عملي\Bank Project Using OOP\Bank Project Using OOP\clsString.h(43,29): warning C4267: 'return': conversion from 'size_t' to 'short', possible loss of data
  (compiling source file 'Bank%20Project%20Using%20OOP.cpp')
  
F:\تاسيس ابو هدهود\كورس رقم 11 البرمجه الكائنية تطبيق عملي\Bank Project Using OOP\Bank Project Using OOP\clsString.h(55,30): warning C4267: '=': conversion from 'size_t' to 'short', possible loss of data
  (compiling source file 'Bank%20Project%20Using%20OOP.cpp')
  
F:\تاسيس ابو هدهود\كورس رقم 11 البرمجه الكائنية تطبيق عملي\Bank Project Using OOP\Bank Project Using OOP\clsString.h(192,29): warning C4267: 'return': conversion from 'size_t' to 'short', possible loss of data
  (compiling source file 'Bank%20Project%20Using%20OOP.cpp')
  
F:\تاسيس ابو هدهود\كورس رقم 11 البرمجه الكائنية تطبيق عملي\Bank Project Using OOP\Bank Project Using OOP\clsString.h(323,30): warning C4267: '=': conversion from 'size_t' to 'short', possible loss of data
  (compiling source file 'Bank%20Project%20Using%20OOP.cpp')
  
F:\تاسيس ابو هدهود\كورس رقم 11 البرمجه الكائنية تطبيق عملي\Bank Project Using OOP\Bank Project Using OOP\clsString.h(371,22): warning C4267: 'initializing': conversion from 'size_t' to 'short', possible loss of data
  (compiling source file 'Bank%20Project%20Using%20OOP.cpp')
  
F:\تاسيس ابو هدهود\كورس رقم 11 البرمجه الكائنية تطبيق عملي\Bank Project Using OOP\Bank Project Using OOP\Bank Project Using OOP.cpp(3,10): warning C4067: unexpected tokens following preprocessor directive - expected a newline
F:\تاسيس ابو هدهود\كورس رقم 11 البرمجه الكائنية تطبيق عملي\Bank Project Using OOP\Bank Project Using OOP\clsInputVaildation.h(3,10): warning C4067: unexpected tokens following preprocessor directive - expected a newline
  (compiling source file 'Bank%20Project%20Using%20OOP.cpp')
  
F:\تاسيس ابو هدهود\كورس رقم 11 البرمجه الكائنية تطبيق عملي\Bank Project Using OOP\Bank Project Using OOP\clsInputVaildation.h(4,10): warning C4067: unexpected tokens following preprocessor directive - expected a newline
  (compiling source file 'Bank%20Project%20Using%20OOP.cpp')
  
F:\تاسيس ابو هدهود\كورس رقم 11 البرمجه الكائنية تطبيق عملي\Bank Project Using OOP\Bank Project Using OOP\clsDate.h(51,25): warning C4267: '=': conversion from 'size_t' to 'short', possible loss of data
  (compiling source file 'Bank%20Project%20Using%20OOP.cpp')
  
F:\تاسيس ابو هدهود\كورس رقم 11 البرمجه الكائنية تطبيق عملي\Bank Project Using OOP\Bank Project Using OOP\Bank Project Using OOP.cpp(4,10): warning C4067: unexpected tokens following preprocessor directive - expected a newline
F:\تاسيس ابو هدهود\كورس رقم 11 البرمجه الكائنية تطبيق عملي\Bank Project Using OOP\Bank Project Using OOP\clsUtil.h(64,5): warning C4102: 'defualt': unreferenced label
  (compiling source file 'Bank%20Project%20Using%20OOP.cpp')
  
F:\تاسيس ابو هدهود\كورس رقم 11 البرمجه الكائنية تطبيق عملي\Bank Project Using OOP\Bank Project Using OOP\Bank Project Using OOP.cpp(5,10): warning C4067: unexpected tokens following preprocessor directive - expected a newline
F:\تاسيس ابو هدهود\كورس رقم 11 البرمجه الكائنية تطبيق عملي\Bank Project Using OOP\Bank Project Using OOP\clsShowScreens.h(2,10): warning C4067: unexpected tokens following preprocessor directive - expected a newline
  (compiling source file 'Bank%20Project%20Using%20OOP.cpp')
  
F:\تاسيس ابو هدهود\كورس رقم 11 البرمجه الكائنية تطبيق عملي\Bank Project Using OOP\Bank Project Using OOP\clsScreen.h(4,10): warning C4067: unexpected tokens following preprocessor directive - expected a newline
  (compiling source file 'Bank%20Project%20Using%20OOP.cpp')
  
F:\تاسيس ابو هدهود\كورس رقم 11 البرمجه الكائنية تطبيق عملي\Bank Project Using OOP\Bank Project Using OOP\clsScreen.h(5,10): warning C4067: unexpected tokens following preprocessor directive - expected a newline
  (compiling source file 'Bank%20Project%20Using%20OOP.cpp')
  
F:\تاسيس ابو هدهود\كورس رقم 11 البرمجه الكائنية تطبيق عملي\Bank Project Using OOP\Bank Project Using OOP\clsScreen.h(6,10): warning C4067: unexpected tokens following preprocessor directive - expected a newline
  (compiling source file 'Bank%20Project%20Using%20OOP.cpp')
  
F:\تاسيس ابو هدهود\كورس رقم 11 البرمجه الكائنية تطبيق عملي\Bank Project Using OOP\Bank Project Using OOP\clsClintList.h(2,10): warning C4067: unexpected tokens following preprocessor directive - expected a newline
  (compiling source file 'Bank%20Project%20Using%20OOP.cpp')
  
F:\تاسيس ابو هدهود\كورس رقم 11 البرمجه الكائنية تطبيق عملي\Bank Project Using OOP\Bank Project Using OOP\clsClintList.h(3,10): warning C4067: unexpected tokens following preprocessor directive - expected a newline
  (compiling source file 'Bank%20Project%20Using%20OOP.cpp')
  
F:\تاسيس ابو هدهود\كورس رقم 11 البرمجه الكائنية تطبيق عملي\Bank Project Using OOP\Bank Project Using OOP\clsClintList.h(9,29): error C2504: 'clsScreen': base class undefined
  (compiling source file 'Bank%20Project%20Using%20OOP.cpp')
  
F:\تاسيس ابو هدهود\كورس رقم 11 البرمجه الكائنية تطبيق عملي\Bank Project Using OOP\Bank Project Using OOP\clsClintList.h(27,3): error C2653: 'clsScreen': is not a class or namespace name
  (compiling source file 'Bank%20Project%20Using%20OOP.cpp')
  
F:\تاسيس ابو هدهود\كورس رقم 11 البرمجه الكائنية تطبيق عملي\Bank Project Using OOP\Bank Project Using OOP\clsClintList.h(27,14): error C3861: 'showHeaderMenu': identifier not found
  (compiling source file 'Bank%20Project%20Using%20OOP.cpp')
  
F:\تاسيس ابو هدهود\كورس رقم 11 البرمجه الكائنية تطبيق عملي\Bank Project Using OOP\Bank Project Using OOP\clsScreen.h(7,10): warning C4067: unexpected tokens following preprocessor directive - expected a newline
  (compiling source file 'Bank%20Project%20Using%20OOP.cpp')
  
F:\تاسيس ابو هدهود\كورس رقم 11 البرمجه الكائنية تطبيق عملي\Bank Project Using OOP\Bank Project Using OOP\clsShowScreens.h(4,10): warning C4067: unexpected tokens following preprocessor directive - expected a newline
  (compiling source file 'Bank%20Project%20Using%20OOP.cpp')
  
F:\تاسيس ابو هدهود\كورس رقم 11 البرمجه الكائنية تطبيق عملي\Bank Project Using OOP\Bank Project Using OOP\clsShowScreens.h(5,10): warning C4067: unexpected tokens following preprocessor directive - expected a newline
  (compiling source file 'Bank%20Project%20Using%20OOP.cpp')
  
F:\تاسيس ابو هدهود\كورس رقم 11 البرمجه الكائنية تطبيق عملي\Bank Project Using OOP\Bank Project Using OOP\clsShowScreens.h(6,10): warning C4067: unexpected tokens following preprocessor directive - expected a newline
  (compiling source file 'Bank%20Project%20Using%20OOP.cpp')
  
